Build started 11/18/2015 9:14:21 PM.
     1>Project "D:\C Lab Graphics (BGI)\bgi\bgi.vcxproj" on node 2 (Build target(s)).
     1>ClCompile:
         C:\Program Files (x86)\Microsoft Visual Studio 11.0\VC\bin\CL.exe /c /ZI /nologo /W3 /WX- /Od /Oy- /D _MBCS /Gm /EHsc /RTC1 /MDd /GS /fp:precise /Zc:wchar_t /Zc:forScope /Fo"Debug\\" /Fd"Debug\vc110.pdb" /Gd /TP /analyze- /errorReport:prompt PothChola.cpp
         PothChola.cpp
     1>d:\c lab graphics (bgi)\bgi\pothchola.cpp(35): warning C4101: 'i' : unreferenced local variable
     1>d:\c lab graphics (bgi)\bgi\pothchola.cpp(487): warning C4101: 'y' : unreferenced local variable
     1>d:\c lab graphics (bgi)\bgi\pothchola.cpp(487): warning C4101: 'x' : unreferenced local variable
     1>d:\c lab graphics (bgi)\bgi\pothchola.cpp(487): warning C4101: 'z' : unreferenced local variable
     1>d:\c lab graphics (bgi)\bgi\pothchola.cpp(411): warning C4715: 'lane_formatter' : not all control paths return a value
       Link:
         C:\Program Files (x86)\Microsoft Visual Studio 11.0\VC\bin\link.exe /ERRORREPORT:PROMPT /OUT:"D:\C Lab Graphics (BGI)\bgi\Debug\bgi.exe" /INCREMENTAL /NOLOGO kernel32.lib user32.lib gdi32.lib winspool.lib comdlg32.lib advapi32.lib shell32.lib ole32.lib oleaut32.lib uuid.lib odbc32.lib odbccp32.lib /MANIFEST /MANIFESTUAC:"level='asInvoker' uiAccess='false'" /manifest:embed /DEBUG /PDB:"D:\C Lab Graphics (BGI)\bgi\Debug\bgi.pdb" /TLBID:1 /DYNAMICBASE /NXCOMPAT /IMPLIB:"D:\C Lab Graphics (BGI)\bgi\Debug\bgi.lib" /MACHINE:X86 Debug\bgiout.obj
         Debug\dibutil.obj
         Debug\drawing.obj
         Debug\file.obj
         Debug\misc.obj
         Debug\mouse.obj
         Debug\palette.obj
         Debug\main.obj
         Debug\PothChola.obj
         Debug\text.obj
         Debug\winbgi.obj
         Debug\winthread.obj
         bgi.vcxproj -> D:\C Lab Graphics (BGI)\bgi\Debug\bgi.exe
     1>Done Building Project "D:\C Lab Graphics (BGI)\bgi\bgi.vcxproj" (Build target(s)).

Build succeeded.

Time Elapsed 00:00:04.45
