D:\C LAB GRAPHICS (BGI)\BGI\DEBUG\BGIOUT.OBJ
D:\C LAB GRAPHICS (BGI)\BGI\DEBUG\DIBUTIL.OBJ
D:\C LAB GRAPHICS (BGI)\BGI\DEBUG\DRAWING.OBJ
D:\C LAB GRAPHICS (BGI)\BGI\DEBUG\FILE.OBJ
D:\C LAB GRAPHICS (BGI)\BGI\DEBUG\MISC.OBJ
D:\C LAB GRAPHICS (BGI)\BGI\DEBUG\MOUSE.OBJ
D:\C LAB GRAPHICS (BGI)\BGI\DEBUG\PALETTE.OBJ
D:\C LAB GRAPHICS (BGI)\BGI\DEBUG\MAIN.OBJ
D:\C LAB GRAPHICS (BGI)\BGI\DEBUG\SOURCE 2.OBJ
D:\C LAB GRAPHICS (BGI)\BGI\DEBUG\TEXT.OBJ
D:\C LAB GRAPHICS (BGI)\BGI\DEBUG\WINBGI.OBJ
D:\C LAB GRAPHICS (BGI)\BGI\DEBUG\WINTHREAD.OBJ
D:\C LAB GRAPHICS (BGI)\BGI\DEBUG\VC110.PDB
D:\C LAB GRAPHICS (BGI)\BGI\DEBUG\BGI.ILK
D:\C LAB GRAPHICS (BGI)\BGI\DEBUG\BGI.EXE
D:\C LAB GRAPHICS (BGI)\BGI\DEBUG\BGI.PDB
D:\C Lab Graphics (BGI)\bgi\Debug\bgiout.obj
D:\C Lab Graphics (BGI)\bgi\Debug\dibutil.obj
D:\C Lab Graphics (BGI)\bgi\Debug\drawing.obj
D:\C Lab Graphics (BGI)\bgi\Debug\file.obj
D:\C Lab Graphics (BGI)\bgi\Debug\main.obj
D:\C Lab Graphics (BGI)\bgi\Debug\misc.obj
D:\C Lab Graphics (BGI)\bgi\Debug\mouse.obj
D:\C Lab Graphics (BGI)\bgi\Debug\palette.obj
D:\C Lab Graphics (BGI)\bgi\Debug\Source 2.obj
D:\C Lab Graphics (BGI)\bgi\Debug\text.obj
D:\C Lab Graphics (BGI)\bgi\Debug\winbgi.obj
D:\C Lab Graphics (BGI)\bgi\Debug\winthread.obj
D:\C Lab Graphics (BGI)\bgi\Debug\bgi.ilk
D:\C Lab Graphics (BGI)\bgi\Debug\cl.command.1.tlog
D:\C Lab Graphics (BGI)\bgi\Debug\CL.read.1.tlog
D:\C Lab Graphics (BGI)\bgi\Debug\CL.write.1.tlog
D:\C Lab Graphics (BGI)\bgi\Debug\link-cvtres.read.1.tlog
D:\C Lab Graphics (BGI)\bgi\Debug\link-cvtres.write.1.tlog
D:\C Lab Graphics (BGI)\bgi\Debug\link-rc.read.1.tlog
D:\C Lab Graphics (BGI)\bgi\Debug\link-rc.write.1.tlog
D:\C Lab Graphics (BGI)\bgi\Debug\link.command.1.tlog
D:\C Lab Graphics (BGI)\bgi\Debug\link.read.1.tlog
D:\C Lab Graphics (BGI)\bgi\Debug\link.write.1.tlog
D:\C Lab Graphics (BGI)\bgi\Debug\vc110.idb
D:\C Lab Graphics (BGI)\bgi\Debug\bgi.pdb
D:\C Lab Graphics (BGI)\bgi\Debug\vc110.pdb
D:\C Lab Graphics (BGI)\bgi\Debug\bgi.exe
