Build started 11/23/2015 12:19:37 AM.
     1>Project "E:\CSE Class Slides\1-2 Classes\C lab 2\winbgim_vstdio\Project_BGI\bgi.vcxproj" on node 2 (Build target(s)).
     1>ClCompile:
         C:\Program Files (x86)\Microsoft Visual Studio 11.0\VC\bin\CL.exe /c /ZI /nologo /W3 /WX- /Od /Oy- /D _MBCS /Gm /EHsc /RTC1 /MDd /GS /fp:precise /Zc:wchar_t /Zc:forScope /Fo"Debug\\" /Fd"Debug\vc110.pdb" /Gd /TP /analyze- /errorReport:prompt Personfuncs.cpp Source.cpp carfuncs.cpp
         carfuncs.cpp
         Source.cpp
     1>e:\cse class slides\1-2 classes\c lab 2\winbgim_vstdio\project_bgi\source.cpp(40): warning C4101: 'y' : unreferenced local variable
     1>e:\cse class slides\1-2 classes\c lab 2\winbgim_vstdio\project_bgi\source.cpp(40): warning C4101: 'x' : unreferenced local variable
     1>e:\cse class slides\1-2 classes\c lab 2\winbgim_vstdio\project_bgi\source.cpp(40): warning C4101: 'z' : unreferenced local variable
         Personfuncs.cpp
         Generating Code...
     1>e:\cse class slides\1-2 classes\c lab 2\winbgim_vstdio\project_bgi\carfuncs.cpp(280): warning C4715: 'lane_formatter' : not all control paths return a value
       Link:
         C:\Program Files (x86)\Microsoft Visual Studio 11.0\VC\bin\link.exe /ERRORREPORT:PROMPT /OUT:"E:\CSE Class Slides\1-2 Classes\C lab 2\winbgim_vstdio\Project_BGI\Debug\bgi.exe" /INCREMENTAL /NOLOGO kernel32.lib user32.lib gdi32.lib winspool.lib comdlg32.lib advapi32.lib shell32.lib ole32.lib oleaut32.lib uuid.lib odbc32.lib odbccp32.lib /MANIFEST /MANIFESTUAC:"level='asInvoker' uiAccess='false'" /manifest:embed /DEBUG /PDB:"E:\CSE Class Slides\1-2 Classes\C lab 2\winbgim_vstdio\Project_BGI\Debug\bgi.pdb" /TLBID:1 /DYNAMICBASE /NXCOMPAT /IMPLIB:"E:\CSE Class Slides\1-2 Classes\C lab 2\winbgim_vstdio\Project_BGI\Debug\bgi.lib" /MACHINE:X86 Debug\backgroundfunc.obj
         Debug\bgiout.obj
         Debug\carfuncs.obj
         Debug\dibutil.obj
         Debug\drawing.obj
         Debug\file.obj
         Debug\menufunc.obj
         Debug\misc.obj
         Debug\mouse.obj
         Debug\palette.obj
         Debug\main.obj
         Debug\Personfuncs.obj
         Debug\Source.obj
         Debug\text.obj
         Debug\winbgi.obj
         Debug\winthread.obj
         bgi.vcxproj -> E:\CSE Class Slides\1-2 Classes\C lab 2\winbgim_vstdio\Project_BGI\Debug\bgi.exe
     1>Done Building Project "E:\CSE Class Slides\1-2 Classes\C lab 2\winbgim_vstdio\Project_BGI\bgi.vcxproj" (Build target(s)).

Build succeeded.

Time Elapsed 00:00:13.38
